<?xml version="1.0" encoding="UTF-8"?>
<testsuite name="com.zptstar.book.springboot.web.IndexControllerTest" tests="1" skipped="0" failures="0" errors="0" timestamp="2021-01-06T14:31:18" hostname="zptstar-65332" time="0.163">
  <properties/>
  <testcase name="메인페이지_로딩" classname="com.zptstar.book.springboot.web.IndexControllerTest" time="0.163"/>
  <system-out><![CDATA[2021-01-06 23:31:16.555  INFO 9572 --- [    Test worker] .b.t.c.SpringBootTestContextBootstrapper : Neither @ContextConfiguration nor @ContextHierarchy found for test class [com.zptstar.book.springboot.web.IndexControllerTest], using SpringBootContextLoader
2021-01-06 23:31:16.556  INFO 9572 --- [    Test worker] o.s.t.c.support.AbstractContextLoader    : Could not detect default resource locations for test class [com.zptstar.book.springboot.web.IndexControllerTest]: no resource found for suffixes {-context.xml, Context.groovy}.
2021-01-06 23:31:16.556  INFO 9572 --- [    Test worker] t.c.s.AnnotationConfigContextLoaderUtils : Could not detect default configuration classes for test class [com.zptstar.book.springboot.web.IndexControllerTest]: IndexControllerTest does not declare any static, non-private, non-final, nested classes annotated with @Configuration.
2021-01-06 23:31:16.558  INFO 9572 --- [    Test worker] .b.t.c.SpringBootTestContextBootstrapper : Found @SpringBootConfiguration com.zptstar.book.springboot.Application for test class com.zptstar.book.springboot.web.IndexControllerTest
2021-01-06 23:31:16.559  INFO 9572 --- [    Test worker] .b.t.c.SpringBootTestContextBootstrapper : Loaded default TestExecutionListener class names from location [META-INF/spring.factories]: [org.springframework.security.test.context.support.WithSecurityContextTestExecutionListener, org.springframework.security.test.context.support.ReactorContextTestExecutionListener, org.springframework.boot.test.autoconfigure.restdocs.RestDocsTestExecutionListener, org.springframework.boot.test.autoconfigure.web.client.MockRestServiceServerResetTestExecutionListener, org.springframework.boot.test.autoconfigure.web.servlet.MockMvcPrintOnlyOnFailureTestExecutionListener, org.springframework.boot.test.autoconfigure.web.servlet.WebDriverTestExecutionListener, org.springframework.boot.test.mock.mockito.MockitoTestExecutionListener, org.springframework.boot.test.mock.mockito.ResetMocksTestExecutionListener, org.springframework.test.context.web.ServletTestExecutionListener, org.springframework.test.context.support.DirtiesContextBeforeModesTestExecutionListener, org.springframework.test.context.support.DependencyInjectionTestExecutionListener, org.springframework.test.context.support.DirtiesContextTestExecutionListener, org.springframework.test.context.transaction.TransactionalTestExecutionListener, org.springframework.test.context.jdbc.SqlScriptsTestExecutionListener]
2021-01-06 23:31:16.559  INFO 9572 --- [    Test worker] .b.t.c.SpringBootTestContextBootstrapper : Using TestExecutionListeners: [org.springframework.test.context.web.ServletTestExecutionListener@6b949a88, org.springframework.test.context.support.DirtiesContextBeforeModesTestExecutionListener@3833b060, org.springframework.boot.test.mock.mockito.MockitoTestExecutionListener@3a3c1917, org.springframework.boot.test.autoconfigure.SpringBootDependencyInjectionTestExecutionListener@6ec0be0e, org.springframework.test.context.support.DirtiesContextTestExecutionListener@214f3984, org.springframework.test.context.transaction.TransactionalTestExecutionListener@4da3d7d, org.springframework.test.context.jdbc.SqlScriptsTestExecutionListener@5ef46850, org.springframework.security.test.context.support.WithSecurityContextTestExecutionListener@352f8d4e, org.springframework.security.test.context.support.ReactorContextTestExecutionListener@6df41176, org.springframework.boot.test.autoconfigure.restdocs.RestDocsTestExecutionListener@3810f860, org.springframework.boot.test.autoconfigure.web.client.MockRestServiceServerResetTestExecutionListener@45dbb1da, org.springframework.boot.test.autoconfigure.web.servlet.MockMvcPrintOnlyOnFailureTestExecutionListener@cd711d2, org.springframework.boot.test.autoconfigure.web.servlet.WebDriverTestExecutionListener@4165de9f, org.springframework.boot.test.mock.mockito.ResetMocksTestExecutionListener@7e89fd2b]

  .   ____          _            __ _ _
 /\\ / ___'_ __ _ _(_)_ __  __ _ \ \ \ \
( ( )\___ | '_ | '_| | '_ \/ _` | \ \ \ \
 \\/  ___)| |_)| | | | | || (_| |  ) ) ) )
  '  |____| .__|_| |_|_| |_\__, | / / / /
 =========|_|==============|___/=/_/_/_/
 :: Spring Boot ::        (v2.1.7.RELEASE)

2021-01-06 23:31:16.584  INFO 9572 --- [    Test worker] c.z.b.s.web.IndexControllerTest          : Starting IndexControllerTest on zptstar-65332 with PID 9572 (started by Administrator in C:\Private\intelliJ\workspace\freelec_springboot2-webservice)
2021-01-06 23:31:16.584  INFO 9572 --- [    Test worker] c.z.b.s.web.IndexControllerTest          : No active profile set, falling back to default profiles: default
2021-01-06 23:31:16.796  INFO 9572 --- [    Test worker] .s.d.r.c.RepositoryConfigurationDelegate : Bootstrapping Spring Data repositories in DEFAULT mode.
2021-01-06 23:31:16.821  INFO 9572 --- [    Test worker] .s.d.r.c.RepositoryConfigurationDelegate : Finished Spring Data repository scanning in 24ms. Found 2 repository interfaces.
2021-01-06 23:31:16.918  INFO 9572 --- [    Test worker] trationDelegate$BeanPostProcessorChecker : Bean 'org.springframework.transaction.annotation.ProxyTransactionManagementConfiguration' of type [org.springframework.transaction.annotation.ProxyTransactionManagementConfiguration$$EnhancerBySpringCGLIB$$5e413385] is not eligible for getting processed by all BeanPostProcessors (for example: not eligible for auto-proxying)
2021-01-06 23:31:17.153  INFO 9572 --- [    Test worker] o.s.b.w.embedded.tomcat.TomcatWebServer  : Tomcat initialized with port(s): 0 (http)
2021-01-06 23:31:17.185  INFO 9572 --- [    Test worker] o.apache.catalina.core.StandardService   : Starting service [Tomcat]
2021-01-06 23:31:17.186  INFO 9572 --- [    Test worker] org.apache.catalina.core.StandardEngine  : Starting Servlet engine: [Apache Tomcat/9.0.22]
2021-01-06 23:31:17.329  INFO 9572 --- [    Test worker] o.a.c.c.C.[Tomcat].[localhost].[/]       : Initializing Spring embedded WebApplicationContext
2021-01-06 23:31:17.330  INFO 9572 --- [    Test worker] o.s.web.context.ContextLoader            : Root WebApplicationContext: initialization completed in 744 ms
2021-01-06 23:31:17.469  INFO 9572 --- [    Test worker] com.zaxxer.hikari.HikariDataSource       : HikariPool-2 - Starting...
2021-01-06 23:31:17.470  INFO 9572 --- [    Test worker] com.zaxxer.hikari.HikariDataSource       : HikariPool-2 - Start completed.
2021-01-06 23:31:17.500  INFO 9572 --- [    Test worker] o.hibernate.jpa.internal.util.LogHelper  : HHH000204: Processing PersistenceUnitInfo [
	name: default
	...]
2021-01-06 23:31:17.509  INFO 9572 --- [    Test worker] org.hibernate.dialect.Dialect            : HHH000400: Using dialect: org.hibernate.dialect.MySQL5InnoDBDialect
Hibernate: drop table if exists posts
Hibernate: drop table if exists user
Hibernate: create table posts (id bigint not null auto_increment, created_date datetime, modified_date datetime, author varchar(255), content TEXT not null, title varchar(500) not null, primary key (id)) engine=InnoDB
Hibernate: create table user (id bigint not null auto_increment, created_date datetime, modified_date datetime, email varchar(255) not null, name varchar(255) not null, picture varchar(255), role varchar(255) not null, primary key (id)) engine=InnoDB
2021-01-06 23:31:17.556  INFO 9572 --- [    Test worker] o.h.t.schema.internal.SchemaCreatorImpl  : HHH000476: Executing import script 'org.hibernate.tool.schema.internal.exec.ScriptSourceInputNonExistentImpl@5b011bb6'
2021-01-06 23:31:17.556  INFO 9572 --- [    Test worker] j.LocalContainerEntityManagerFactoryBean : Initialized JPA EntityManagerFactory for persistence unit 'default'
2021-01-06 23:31:17.819  INFO 9572 --- [    Test worker] o.h.h.i.QueryTranslatorFactoryInitiator  : HHH000397: Using ASTQueryTranslatorFactory
2021-01-06 23:31:17.949  INFO 9572 --- [    Test worker] o.s.s.web.DefaultSecurityFilterChain     : Creating filter chain: any request, [org.springframework.security.web.context.request.async.WebAsyncManagerIntegrationFilter@d9d42fe, org.springframework.security.web.context.SecurityContextPersistenceFilter@59518193, org.springframework.security.web.header.HeaderWriterFilter@5c4386da, org.springframework.security.web.authentication.logout.LogoutFilter@753c5c7d, org.springframework.security.oauth2.client.web.OAuth2AuthorizationRequestRedirectFilter@4e3bfb2c, org.springframework.security.oauth2.client.web.OAuth2LoginAuthenticationFilter@5af85de6, org.springframework.security.web.authentication.ui.DefaultLoginPageGeneratingFilter@20340cf1, org.springframework.security.web.authentication.ui.DefaultLogoutPageGeneratingFilter@53d81494, org.springframework.security.web.savedrequest.RequestCacheAwareFilter@7baaeb50, org.springframework.security.web.servletapi.SecurityContextHolderAwareRequestFilter@3b9fd7a9, org.springframework.security.web.authentication.AnonymousAuthenticationFilter@42ab7758, org.springframework.security.web.session.SessionManagementFilter@d92c457, org.springframework.security.web.access.ExceptionTranslationFilter@7fdba041, org.springframework.security.web.access.intercept.FilterSecurityInterceptor@5bb6415]
2021-01-06 23:31:18.128  INFO 9572 --- [    Test worker] o.s.s.concurrent.ThreadPoolTaskExecutor  : Initializing ExecutorService 'applicationTaskExecutor'
2021-01-06 23:31:18.141  WARN 9572 --- [    Test worker] aWebConfiguration$JpaWebMvcConfiguration : spring.jpa.open-in-view is enabled by default. Therefore, database queries may be performed during view rendering. Explicitly configure spring.jpa.open-in-view to disable this warning
2021-01-06 23:31:18.164  INFO 9572 --- [    Test worker] o.s.b.a.w.s.WelcomePageHandlerMapping    : Adding welcome page template: index
2021-01-06 23:31:18.407  INFO 9572 --- [    Test worker] s.a.ScheduledAnnotationBeanPostProcessor : No TaskScheduler/ScheduledExecutorService bean found for scheduled processing
2021-01-06 23:31:18.424  INFO 9572 --- [    Test worker] o.s.b.w.embedded.tomcat.TomcatWebServer  : Tomcat started on port(s): 54191 (http) with context path ''
2021-01-06 23:31:18.425  INFO 9572 --- [    Test worker] c.z.b.s.web.IndexControllerTest          : Started IndexControllerTest in 1.864 seconds (JVM running for 10.229)
2021-01-06 23:31:18.510  INFO 9572 --- [o-auto-1-exec-1] o.a.c.c.C.[Tomcat].[localhost].[/]       : Initializing Spring DispatcherServlet 'dispatcherServlet'
2021-01-06 23:31:18.510  INFO 9572 --- [o-auto-1-exec-1] o.s.web.servlet.DispatcherServlet        : Initializing Servlet 'dispatcherServlet'
2021-01-06 23:31:18.526  INFO 9572 --- [o-auto-1-exec-1] o.s.web.servlet.DispatcherServlet        : Completed initialization in 16 ms
Hibernate: select posts0_.id as id1_0_, posts0_.created_date as created_2_0_, posts0_.modified_date as modified3_0_, posts0_.author as author4_0_, posts0_.content as content5_0_, posts0_.title as title6_0_ from posts posts0_ order by posts0_.id DESC
]]></system-out>
  <system-err><![CDATA[]]></system-err>
</testsuite>
